<?xml version="1.0" encoding="UTF-8"?>
<!-- Generated by org.testng.reporters.JUnitXMLReporter -->
<testsuite ignored="0" hostname="LAPTOP-2U3258KH" failures="0" tests="3" name="ChromeTest" time="0.1" errors="0" timestamp="2024-10-10T10:07:22 IST">
  <testcase classname="com_parallel_testing.Adactin_Login" name="@BeforeSuite openApplication" time="-1.728535042019E9">
    <failure type="org.testng.TestNGException" message="
Parameter &amp;apos;browser&amp;apos; is required by BeforeSuite on method openApplication but has not been marked @Optional or defined
in D:\testng workspace\TestNG_Team2930\testngParallelTesting.xml">
      <![CDATA[org.testng.TestNGException: 
Parameter 'browser' is required by BeforeSuite on method openApplication but has not been marked @Optional or defined
in D:\testng workspace\TestNG_Team2930\testngParallelTesting.xml
... Removed 16 stack frames]]>
    </failure>
  </testcase> <!-- @BeforeSuite openApplication -->
  <testcase classname="com_parallel_testing.Luma_Login" name="@BeforeSuite openApplication" time="0.0">
    <skipped/>
  </testcase> <!-- @BeforeSuite openApplication -->
  <testcase classname="com_parallel_testing.Adactin_Login" name="LoginFunctionality" time="0.0">
    <skipped/>
  </testcase> <!-- LoginFunctionality -->
  <testcase classname="com_parallel_testing.Adactin_Login" name="SearchHotelFunctionality" time="0.0">
    <skipped/>
  </testcase> <!-- SearchHotelFunctionality -->
  <testcase classname="com_parallel_testing.Adactin_Login" name="SelectHotel" time="0.0">
    <skipped/>
  </testcase> <!-- SelectHotel -->
</testsuite> <!-- ChromeTest -->
