<?xml version="1.0" encoding="UTF-8"?>
<!-- Generated by org.testng.reporters.JUnitReportReporter -->
<testsuite hostname="LAPTOP-2U3258KH" failures="0" tests="4" name="com_parallel_testing.Adactin_Login" time="-1728535040.000" errors="1" timestamp="2024-10-10T10:07:23 IST" skipped="3">
  <testcase classname="com_parallel_testing.Adactin_Login" name="openApplication" time="-1728535040.000">
    <error message="
Parameter &#039;browser&#039; is required by BeforeSuite on method openApplication but has not been marked @Optional or defined
in D:\testng workspace\TestNG_Team2930\testngParallelTesting.xml" type="org.testng.TestNGException">
      <![CDATA[org.testng.TestNGException: 
Parameter 'browser' is required by BeforeSuite on method openApplication but has not been marked @Optional or defined
in D:\testng workspace\TestNG_Team2930\testngParallelTesting.xml
at org.testng.internal.Parameters.createParams(Parameters.java:264)
at org.testng.internal.Parameters.createParametersForMethod(Parameters.java:352)
at org.testng.internal.Parameters.createParameters(Parameters.java:690)
at org.testng.internal.Parameters.createConfigurationParameters(Parameters.java:163)
at org.testng.internal.invokers.ConfigInvoker.invokeConfigurations(ConfigInvoker.java:313)
at org.testng.SuiteRunner.privateRun(SuiteRunner.java:358)
at org.testng.SuiteRunner.run(SuiteRunner.java:312)
at org.testng.SuiteRunnerWorker.runSuite(SuiteRunnerWorker.java:52)
at org.testng.SuiteRunnerWorker.run(SuiteRunnerWorker.java:95)
at org.testng.TestNG.runSuitesSequentially(TestNG.java:1274)
at org.testng.TestNG.runSuitesLocally(TestNG.java:1208)
at org.testng.TestNG.runSuites(TestNG.java:1112)
at org.testng.TestNG.run(TestNG.java:1079)
at org.testng.remote.AbstractRemoteTestNG.run(AbstractRemoteTestNG.java:115)
at org.testng.remote.RemoteTestNG.initAndRun(RemoteTestNG.java:293)
at org.testng.remote.RemoteTestNG.main(RemoteTestNG.java:91)
]]>
    </error>
  </testcase> <!-- openApplication -->
  <testcase classname="com_parallel_testing.Adactin_Login" name="LoginFunctionality" time="0.000">
    <skipped/>
  </testcase> <!-- LoginFunctionality -->
  <testcase classname="com_parallel_testing.Adactin_Login" name="SearchHotelFunctionality" time="0.000">
    <skipped/>
  </testcase> <!-- SearchHotelFunctionality -->
  <testcase classname="com_parallel_testing.Adactin_Login" name="SelectHotel" time="0.000">
    <skipped/>
  </testcase> <!-- SelectHotel -->
</testsuite> <!-- com_parallel_testing.Adactin_Login -->
